<?xml version="1.0" encoding="UTF-8"?>
<testng-results ignored="0" total="1" passed="1" failed="0" skipped="0">
  <reporter-output>
  </reporter-output>
  <suite started-at="2023-10-11T20:56:54 IST" name="Default suite" finished-at="2023-10-11T20:57:47 IST" duration-ms="53373">
    <groups>
    </groups>
    <test started-at="2023-10-11T20:56:54 IST" name="Default test" finished-at="2023-10-11T20:57:47 IST" duration-ms="53373">
      <class name="Scripts.TeseCase1_1">
        <test-method is-config="true" signature="openApp()[pri:0, instance:Scripts.TeseCase1_1@7c7b252e]" started-at="2023-10-11T20:56:54 IST" name="openApp" finished-at="2023-10-11T20:57:43 IST" duration-ms="48480" status="PASS">
          <reporter-output>
          </reporter-output>
        </test-method> <!-- openApp -->
        <test-method signature="tc1()[pri:0, instance:Scripts.TeseCase1_1@7c7b252e]" started-at="2023-10-11T20:57:43 IST" name="tc1" finished-at="2023-10-11T20:57:47 IST" duration-ms="4191" status="PASS">
          <reporter-output>
          </reporter-output>
        </test-method> <!-- tc1 -->
        <test-method is-config="true" signature="closeApp(org.testng.ITestResult)[pri:0, instance:Scripts.TeseCase1_1@7c7b252e]" started-at="2023-10-11T20:57:47 IST" name="closeApp" finished-at="2023-10-11T20:57:47 IST" duration-ms="631" status="PASS">
          <params>
            <param index="0">
              <value>
                <![CDATA[[TestResult name=tc1 status=SUCCESS method=TeseCase1_1.tc1()[pri:0, instance:Scripts.TeseCase1_1@7c7b252e] output={null}]]]>
              </value>
            </param>
          </params>
          <reporter-output>
          </reporter-output>
        </test-method> <!-- closeApp -->
      </class> <!-- Scripts.TeseCase1_1 -->
    </test> <!-- Default test -->
  </suite> <!-- Default suite -->
</testng-results>
